<?xml version="1.0" encoding="UTF-8"?>
<testsuite xmlns:xsi="http://www.w3.org/2001/XMLSchema-instance" xsi:noNamespaceSchemaLocation="https://maven.apache.org/surefire/maven-surefire-plugin/xsd/surefire-test-report-3.0.xsd" version="3.0" name="com.sanrenxing.service.ServiceApplicationTests" time="2.011" tests="1" errors="0" skipped="0" failures="0">
  <properties>
[...]
</properties>
  <testcase name="contextLoads" classname="com.sanrenxing.service.ServiceApplicationTests" time="0.466">
    <system-out><![CDATA[17:05:35.023 [main] INFO org.springframework.test.context.support.AnnotationConfigContextLoaderUtils -- Could not detect default configuration classes for test class [com.sanrenxing.service.ServiceApplicationTests]: ServiceApplicationTests does not declare any static, non-private, non-final, nested classes annotated with @Configuration.
17:05:35.072 [main] INFO org.springframework.boot.test.context.SpringBootTestContextBootstrapper -- Found @SpringBootConfiguration com.sanrenxing.service.ServiceApplication for test class com.sanrenxing.service.ServiceApplicationTests

  .   ____          _            __ _ _
 /\\ / ___'_ __ _ _(_)_ __  __ _ \ \ \ \
( ( )\___ | '_ | '_| | '_ \/ _` | \ \ \ \
 \\/  ___)| |_)| | | | | || (_| |  ) ) ) )
  '  |____| .__|_| |_|_| |_\__, | / / / /
 =========|_|==============|___/=/_/_/_/
 :: Spring Boot ::                (v3.2.4)

2024-03-24T17:05:35.292-07:00  INFO 87620 --- [service] [           main] c.s.service.ServiceApplicationTests      : Starting ServiceApplicationTests using Java 21.0.2 with PID 87620 (started by yeyunlu in /Users/yeyunlu/startup/sanrenxing/service)
2024-03-24T17:05:35.293-07:00  INFO 87620 --- [service] [           main] c.s.service.ServiceApplicationTests      : No active profile set, falling back to 1 default profile: "default"
2024-03-24T17:05:35.809-07:00  INFO 87620 --- [service] [           main] com.zaxxer.hikari.HikariDataSource       : HikariPool-1 - Starting...
2024-03-24T17:05:35.949-07:00  INFO 87620 --- [service] [           main] com.zaxxer.hikari.pool.HikariPool        : HikariPool-1 - Added connection org.postgresql.jdbc.PgConnection@d257579
2024-03-24T17:05:35.950-07:00  INFO 87620 --- [service] [           main] com.zaxxer.hikari.HikariDataSource       : HikariPool-1 - Start completed.
2024-03-24T17:05:35.997-07:00  INFO 87620 --- [service] [           main] o.f.c.internal.license.VersionPrinter    : Flyway Community Edition 9.22.3 by Redgate
2024-03-24T17:05:35.997-07:00  INFO 87620 --- [service] [           main] o.f.c.internal.license.VersionPrinter    : See release notes here: https://rd.gt/416ObMi
2024-03-24T17:05:35.997-07:00  INFO 87620 --- [service] [           main] o.f.c.internal.license.VersionPrinter    : 
2024-03-24T17:05:36.005-07:00  INFO 87620 --- [service] [           main] org.flywaydb.core.FlywayExecutor         : Database: jdbc:postgresql://localhost:5432/spring_boot_postgres_db (PostgreSQL 16.2)
2024-03-24T17:05:36.017-07:00  WARN 87620 --- [service] [           main] o.f.c.internal.database.base.Database    : Flyway upgrade recommended: PostgreSQL 16.2 is newer than this version of Flyway and support has not been tested. The latest supported version of PostgreSQL is 15.
2024-03-24T17:05:36.045-07:00  INFO 87620 --- [service] [           main] o.f.core.internal.command.DbValidate     : Successfully validated 1 migration (execution time 00:00.018s)
2024-03-24T17:05:36.101-07:00  INFO 87620 --- [service] [           main] o.f.core.internal.command.DbMigrate      : Current version of schema "public": 1
2024-03-24T17:05:36.101-07:00 ERROR 87620 --- [service] [           main] o.f.core.internal.command.DbMigrate      : Schema "public" has version 1, but no migration could be resolved in the configured locations !
2024-03-24T17:05:36.104-07:00  INFO 87620 --- [service] [           main] o.f.core.internal.command.DbMigrate      : Schema "public" is up to date. No migration necessary.
2024-03-24T17:05:36.459-07:00  INFO 87620 --- [service] [           main] c.s.service.ServiceApplicationTests      : Started ServiceApplicationTests in 1.321 seconds (process running for 1.807)
]]></system-out>
    <system-err><![CDATA[WARNING: A Java agent has been loaded dynamically (/Users/yeyunlu/.m2/repository/net/bytebuddy/byte-buddy-agent/1.14.12/byte-buddy-agent-1.14.12.jar)
WARNING: If a serviceability tool is in use, please run with -XX:+EnableDynamicAgentLoading to hide this warning
WARNING: If a serviceability tool is not in use, please run with -Djdk.instrument.traceUsage for more information
WARNING: Dynamic loading of agents will be disallowed by default in a future release
]]></system-err>
  </testcase>
</testsuite>